<?xml version="1.0" encoding="UTF-8"?>
<!-- Generated by org.testng.reporters.JUnitReportReporter -->
<testsuite skipped="0" hostname="DESKTOP-ND5IR8R" name="org.implementation.AdactinImplementation" tests="1" failures="0" timestamp="15 Aug 2021 19:43:32 GMT" time="13.494" errors="0">
  <testcase name="login" time="13.494" classname="org.implementation.AdactinImplementation"/>
</testsuite> <!-- org.implementation.AdactinImplementation -->
