<?xml version="1.0" encoding="UTF-8"?>
<!-- Generated by org.testng.reporters.JUnitReportReporter -->
<testsuite skipped="0" hostname="DESKTOP-ND5IR8R" name="Pages.LogicalFlow" tests="1" failures="0" timestamp="17 Aug 2021 17:57:41 GMT" time="9.150" errors="0">
  <testcase name="program" time="9.150" classname="Pages.LogicalFlow"/>
</testsuite> <!-- Pages.LogicalFlow -->
