<?xml version="1.0" encoding="UTF-8"?>
<!-- Generated by org.testng.reporters.JUnitReportReporter -->
<testsuite skipped="0" hostname="DESKTOP-ND5IR8R" name="Pages.LoginPage" tests="1" failures="0" timestamp="17 Aug 2021 13:17:43 GMT" time="0.038" errors="0">
  <testcase name="test" time="0.038" classname="Pages.LoginPage"/>
</testsuite> <!-- Pages.LoginPage -->
